[2013-11-30 07:41:38] request.CRITICAL: Uncaught PHP Exception Symfony\Component\Config\Exception\FileLoaderLoadException: "Cannot import resource "D:\project\CarTrade\src\Blogger\GeneralBundle/Controller" from "D:/project/CarTrade/app/config/routing.yml". ([Semantical Error] The annotation "@Route" in method Blogger\GeneralBundle\Controller\DefaultController::indexAction() was never imported. Did you maybe forget to add a "use" statement for this annotation?)" at D:\project\CarTrade\vendor\symfony\symfony\src\Symfony\Component\Config\Loader\FileLoader.php line 100 {"exception":"[object] (Symfony\\Component\\Config\\Exception\\FileLoaderLoadException: Cannot import resource \"D:\\project\\CarTrade\\src\\Blogger\\GeneralBundle/Controller\" from \"D:/project/CarTrade/app/config/routing.yml\". ([Semantical Error] The annotation \"@Route\" in method Blogger\\GeneralBundle\\Controller\\DefaultController::indexAction() was never imported. Did you maybe forget to add a \"use\" statement for this annotation?) at D:\\project\\CarTrade\\vendor\\symfony\\symfony\\src\\Symfony\\Component\\Config\\Loader\\FileLoader.php:100, Doctrine\\Common\\Annotations\\AnnotationException: [Semantical Error] The annotation \"@Route\" in method Blogger\\GeneralBundle\\Controller\\DefaultController::indexAction() was never imported. Did you maybe forget to add a \"use\" statement for this annotation? at D:\\project\\CarTrade\\vendor\\doctrine\\common\\lib\\Doctrine\\Common\\Annotations\\AnnotationException.php:52)"} []
[2013-11-30 07:44:08] request.CRITICAL: Uncaught PHP Exception Symfony\Component\Config\Exception\FileLoaderLoadException: "Cannot import resource "D:\project\CarTrade\src\Blogger\GeneralBundle/Controller" from "D:/project/CarTrade/app/config/routing.yml". ([Semantical Error] The annotation "@Route" in method Blogger\GeneralBundle\Controller\DefaultController::indexAction() was never imported. Did you maybe forget to add a "use" statement for this annotation?)" at D:\project\CarTrade\vendor\symfony\symfony\src\Symfony\Component\Config\Loader\FileLoader.php line 100 {"exception":"[object] (Symfony\\Component\\Config\\Exception\\FileLoaderLoadException: Cannot import resource \"D:\\project\\CarTrade\\src\\Blogger\\GeneralBundle/Controller\" from \"D:/project/CarTrade/app/config/routing.yml\". ([Semantical Error] The annotation \"@Route\" in method Blogger\\GeneralBundle\\Controller\\DefaultController::indexAction() was never imported. Did you maybe forget to add a \"use\" statement for this annotation?) at D:\\project\\CarTrade\\vendor\\symfony\\symfony\\src\\Symfony\\Component\\Config\\Loader\\FileLoader.php:100, Doctrine\\Common\\Annotations\\AnnotationException: [Semantical Error] The annotation \"@Route\" in method Blogger\\GeneralBundle\\Controller\\DefaultController::indexAction() was never imported. Did you maybe forget to add a \"use\" statement for this annotation? at D:\\project\\CarTrade\\vendor\\doctrine\\common\\lib\\Doctrine\\Common\\Annotations\\AnnotationException.php:52)"} []
[2013-11-30 07:46:51] event.DEBUG: Notified event "kernel.request" to listener "Symfony\Bundle\FrameworkBundle\EventListener\SessionListener::onKernelRequest". [] []
[2013-11-30 07:46:51] event.DEBUG: Notified event "kernel.request" to listener "Symfony\Component\HttpKernel\EventListener\FragmentListener::onKernelRequest". [] []
[2013-11-30 07:46:51] event.DEBUG: Notified event "kernel.request" to listener "Symfony\Component\HttpKernel\EventListener\RouterListener::onKernelRequest". [] []
[2013-11-30 07:46:51] event.DEBUG: Notified event "kernel.exception" to listener "Symfony\Component\HttpKernel\EventListener\ExceptionListener::onKernelException". [] []
[2013-11-30 07:46:51] request.CRITICAL: Uncaught PHP Exception Symfony\Component\Config\Exception\FileLoaderLoadException: "Cannot import resource "D:\project\CarTrade\src\Blogger\GeneralBundle/Controller" from "D:/project/CarTrade/app/config/routing.yml". ([Semantical Error] The annotation "@Route" in method Blogger\GeneralBundle\Controller\DefaultController::indexAction() was never imported. Did you maybe forget to add a "use" statement for this annotation?)" at D:\project\CarTrade\vendor\symfony\symfony\src\Symfony\Component\Config\Loader\FileLoader.php line 100 {"exception":"[object] (Symfony\\Component\\Config\\Exception\\FileLoaderLoadException: Cannot import resource \"D:\\project\\CarTrade\\src\\Blogger\\GeneralBundle/Controller\" from \"D:/project/CarTrade/app/config/routing.yml\". ([Semantical Error] The annotation \"@Route\" in method Blogger\\GeneralBundle\\Controller\\DefaultController::indexAction() was never imported. Did you maybe forget to add a \"use\" statement for this annotation?) at D:\\project\\CarTrade\\vendor\\symfony\\symfony\\src\\Symfony\\Component\\Config\\Loader\\FileLoader.php:100, Doctrine\\Common\\Annotations\\AnnotationException: [Semantical Error] The annotation \"@Route\" in method Blogger\\GeneralBundle\\Controller\\DefaultController::indexAction() was never imported. Did you maybe forget to add a \"use\" statement for this annotation? at D:\\project\\CarTrade\\vendor\\doctrine\\common\\lib\\Doctrine\\Common\\Annotations\\AnnotationException.php:52)"} []
[2013-11-30 07:46:51] event.DEBUG: Notified event "kernel.request" to listener "closure". [] []
[2013-11-30 07:46:51] event.DEBUG: Notified event "kernel.request" to listener "Symfony\Bundle\FrameworkBundle\EventListener\SessionListener::onKernelRequest". [] []
[2013-11-30 07:46:51] event.DEBUG: Notified event "kernel.request" to listener "closure". [] []
[2013-11-30 07:46:51] event.DEBUG: Notified event "kernel.request" to listener "Symfony\Component\HttpKernel\EventListener\FragmentListener::onKernelRequest". [] []
[2013-11-30 07:46:51] event.DEBUG: Notified event "kernel.request" to listener "closure". [] []
[2013-11-30 07:46:51] event.DEBUG: Notified event "kernel.request" to listener "Symfony\Component\HttpKernel\EventListener\RouterListener::onKernelRequest". [] []
[2013-11-30 07:46:51] event.DEBUG: Notified event "kernel.request" to listener "closure". [] []
[2013-11-30 07:46:51] event.DEBUG: Notified event "kernel.request" to listener "Symfony\Component\HttpKernel\EventListener\LocaleListener::onKernelRequest". [] []
[2013-11-30 07:46:51] event.DEBUG: Notified event "kernel.request" to listener "closure". [] []
[2013-11-30 07:46:51] event.DEBUG: Notified event "kernel.request" to listener "Symfony\Component\Security\Http\Firewall::onKernelRequest". [] []
[2013-11-30 07:46:51] event.DEBUG: Notified event "kernel.request" to listener "closure". [] []
[2013-11-30 07:46:51] event.DEBUG: Notified event "kernel.request" to listener "Symfony\Component\HttpKernel\EventListener\ErrorsLoggerListener::injectLogger". [] []
[2013-11-30 07:46:51] event.DEBUG: Notified event "kernel.request" to listener "closure". [] []
[2013-11-30 07:46:51] event.DEBUG: Notified event "kernel.request" to listener "Symfony\Component\HttpKernel\EventListener\ErrorsLoggerListener::injectLogger". [] []
[2013-11-30 07:46:51] event.DEBUG: Notified event "kernel.controller" to listener "Sensio\Bundle\FrameworkExtraBundle\EventListener\ControllerListener::onKernelController". [] []
[2013-11-30 07:46:51] event.DEBUG: Notified event "kernel.controller" to listener "Sensio\Bundle\FrameworkExtraBundle\EventListener\ParamConverterListener::onKernelController". [] []
[2013-11-30 07:46:51] event.DEBUG: Notified event "kernel.controller" to listener "Sensio\Bundle\FrameworkExtraBundle\EventListener\TemplateListener::onKernelController". [] []
[2013-11-30 07:46:51] event.DEBUG: Notified event "kernel.response" to listener "Symfony\Component\HttpKernel\EventListener\ResponseListener::onKernelResponse". [] []
[2013-11-30 07:46:51] event.DEBUG: Notified event "kernel.response" to listener "Symfony\Component\Security\Http\RememberMe\ResponseListener::onKernelResponse". [] []
[2013-11-30 07:46:51] event.DEBUG: Notified event "kernel.response" to listener "Sensio\Bundle\FrameworkExtraBundle\EventListener\CacheListener::onKernelResponse". [] []
[2013-11-30 07:46:51] event.DEBUG: Notified event "kernel.response" to listener "Symfony\Component\HttpKernel\EventListener\StreamedResponseListener::onKernelResponse". [] []
[2013-11-30 07:46:51] event.DEBUG: Listener "Symfony\Component\HttpKernel\EventListener\ExceptionListener::onKernelException" stopped propagation of the event "kernel.exception". [] []
[2013-11-30 07:46:51] event.DEBUG: Notified event "kernel.response" to listener "Symfony\Component\HttpKernel\EventListener\ResponseListener::onKernelResponse". [] []
[2013-11-30 07:46:51] event.DEBUG: Notified event "kernel.response" to listener "Symfony\Component\Security\Http\RememberMe\ResponseListener::onKernelResponse". [] []
[2013-11-30 07:46:51] event.DEBUG: Notified event "kernel.response" to listener "Sensio\Bundle\FrameworkExtraBundle\EventListener\CacheListener::onKernelResponse". [] []
[2013-11-30 07:46:51] event.DEBUG: Notified event "kernel.response" to listener "Symfony\Component\HttpKernel\EventListener\StreamedResponseListener::onKernelResponse". [] []
[2013-11-30 07:46:51] event.DEBUG: Notified event "kernel.terminate" to listener "Symfony\Bundle\SwiftmailerBundle\EventListener\EmailSenderListener::onKernelTerminate". [] []
[2013-11-30 07:47:41] event.DEBUG: Notified event "kernel.request" to listener "Symfony\Bundle\FrameworkBundle\EventListener\SessionListener::onKernelRequest". [] []
[2013-11-30 07:47:41] event.DEBUG: Notified event "kernel.request" to listener "Symfony\Component\HttpKernel\EventListener\FragmentListener::onKernelRequest". [] []
[2013-11-30 07:47:41] event.DEBUG: Notified event "kernel.request" to listener "Symfony\Component\HttpKernel\EventListener\RouterListener::onKernelRequest". [] []
[2013-11-30 07:47:41] event.DEBUG: Notified event "kernel.exception" to listener "Symfony\Component\HttpKernel\EventListener\ExceptionListener::onKernelException". [] []
[2013-11-30 07:47:41] request.CRITICAL: Uncaught PHP Exception Symfony\Component\Config\Exception\FileLoaderLoadException: "Cannot import resource "D:\project\CarTrade\src\Blogger\GeneralBundle/Controller" from "D:/project/CarTrade/app/config/routing.yml". ([Semantical Error] The annotation "@Route" in method Blogger\GeneralBundle\Controller\DefaultController::indexAction() was never imported. Did you maybe forget to add a "use" statement for this annotation?)" at D:\project\CarTrade\vendor\symfony\symfony\src\Symfony\Component\Config\Loader\FileLoader.php line 100 {"exception":"[object] (Symfony\\Component\\Config\\Exception\\FileLoaderLoadException: Cannot import resource \"D:\\project\\CarTrade\\src\\Blogger\\GeneralBundle/Controller\" from \"D:/project/CarTrade/app/config/routing.yml\". ([Semantical Error] The annotation \"@Route\" in method Blogger\\GeneralBundle\\Controller\\DefaultController::indexAction() was never imported. Did you maybe forget to add a \"use\" statement for this annotation?) at D:\\project\\CarTrade\\vendor\\symfony\\symfony\\src\\Symfony\\Component\\Config\\Loader\\FileLoader.php:100, Doctrine\\Common\\Annotations\\AnnotationException: [Semantical Error] The annotation \"@Route\" in method Blogger\\GeneralBundle\\Controller\\DefaultController::indexAction() was never imported. Did you maybe forget to add a \"use\" statement for this annotation? at D:\\project\\CarTrade\\vendor\\doctrine\\common\\lib\\Doctrine\\Common\\Annotations\\AnnotationException.php:52)"} []
[2013-11-30 07:47:41] event.DEBUG: Notified event "kernel.request" to listener "closure". [] []
[2013-11-30 07:47:41] event.DEBUG: Notified event "kernel.request" to listener "Symfony\Bundle\FrameworkBundle\EventListener\SessionListener::onKernelRequest". [] []
[2013-11-30 07:47:41] event.DEBUG: Notified event "kernel.request" to listener "closure". [] []
[2013-11-30 07:47:41] event.DEBUG: Notified event "kernel.request" to listener "Symfony\Component\HttpKernel\EventListener\FragmentListener::onKernelRequest". [] []
[2013-11-30 07:47:41] event.DEBUG: Notified event "kernel.request" to listener "closure". [] []
[2013-11-30 07:47:41] event.DEBUG: Notified event "kernel.request" to listener "Symfony\Component\HttpKernel\EventListener\RouterListener::onKernelRequest". [] []
[2013-11-30 07:47:41] event.DEBUG: Notified event "kernel.request" to listener "closure". [] []
[2013-11-30 07:47:41] event.DEBUG: Notified event "kernel.request" to listener "Symfony\Component\HttpKernel\EventListener\LocaleListener::onKernelRequest". [] []
[2013-11-30 07:47:41] event.DEBUG: Notified event "kernel.request" to listener "closure". [] []
[2013-11-30 07:47:41] event.DEBUG: Notified event "kernel.request" to listener "Symfony\Component\Security\Http\Firewall::onKernelRequest". [] []
[2013-11-30 07:47:41] event.DEBUG: Notified event "kernel.request" to listener "closure". [] []
[2013-11-30 07:47:41] event.DEBUG: Notified event "kernel.request" to listener "Symfony\Component\HttpKernel\EventListener\ErrorsLoggerListener::injectLogger". [] []
[2013-11-30 07:47:41] event.DEBUG: Notified event "kernel.request" to listener "closure". [] []
[2013-11-30 07:47:41] event.DEBUG: Notified event "kernel.request" to listener "Symfony\Component\HttpKernel\EventListener\ErrorsLoggerListener::injectLogger". [] []
[2013-11-30 07:47:41] event.DEBUG: Notified event "kernel.controller" to listener "Sensio\Bundle\FrameworkExtraBundle\EventListener\ControllerListener::onKernelController". [] []
[2013-11-30 07:47:41] event.DEBUG: Notified event "kernel.controller" to listener "Sensio\Bundle\FrameworkExtraBundle\EventListener\ParamConverterListener::onKernelController". [] []
[2013-11-30 07:47:41] event.DEBUG: Notified event "kernel.controller" to listener "Sensio\Bundle\FrameworkExtraBundle\EventListener\TemplateListener::onKernelController". [] []
[2013-11-30 07:47:42] event.DEBUG: Notified event "kernel.response" to listener "Symfony\Component\HttpKernel\EventListener\ResponseListener::onKernelResponse". [] []
[2013-11-30 07:47:42] event.DEBUG: Notified event "kernel.response" to listener "Symfony\Component\Security\Http\RememberMe\ResponseListener::onKernelResponse". [] []
[2013-11-30 07:47:42] event.DEBUG: Notified event "kernel.response" to listener "Sensio\Bundle\FrameworkExtraBundle\EventListener\CacheListener::onKernelResponse". [] []
[2013-11-30 07:47:42] event.DEBUG: Notified event "kernel.response" to listener "Symfony\Component\HttpKernel\EventListener\StreamedResponseListener::onKernelResponse". [] []
[2013-11-30 07:47:42] event.DEBUG: Listener "Symfony\Component\HttpKernel\EventListener\ExceptionListener::onKernelException" stopped propagation of the event "kernel.exception". [] []
[2013-11-30 07:47:42] event.DEBUG: Notified event "kernel.response" to listener "Symfony\Component\HttpKernel\EventListener\ResponseListener::onKernelResponse". [] []
[2013-11-30 07:47:42] event.DEBUG: Notified event "kernel.response" to listener "Symfony\Component\Security\Http\RememberMe\ResponseListener::onKernelResponse". [] []
[2013-11-30 07:47:42] event.DEBUG: Notified event "kernel.response" to listener "Sensio\Bundle\FrameworkExtraBundle\EventListener\CacheListener::onKernelResponse". [] []
[2013-11-30 07:47:42] event.DEBUG: Notified event "kernel.response" to listener "Symfony\Component\HttpKernel\EventListener\StreamedResponseListener::onKernelResponse". [] []
[2013-11-30 07:47:42] event.DEBUG: Notified event "kernel.terminate" to listener "Symfony\Bundle\SwiftmailerBundle\EventListener\EmailSenderListener::onKernelTerminate". [] []
[2013-11-30 07:49:35] event.DEBUG: Notified event "kernel.request" to listener "Symfony\Bundle\FrameworkBundle\EventListener\SessionListener::onKernelRequest". [] []
[2013-11-30 07:49:35] event.DEBUG: Notified event "kernel.request" to listener "Symfony\Component\HttpKernel\EventListener\FragmentListener::onKernelRequest". [] []
[2013-11-30 07:49:35] event.DEBUG: Notified event "kernel.request" to listener "Symfony\Component\HttpKernel\EventListener\RouterListener::onKernelRequest". [] []
[2013-11-30 07:49:35] event.DEBUG: Notified event "kernel.exception" to listener "Symfony\Component\HttpKernel\EventListener\ExceptionListener::onKernelException". [] []
[2013-11-30 07:49:35] request.CRITICAL: Uncaught PHP Exception Symfony\Component\Config\Exception\FileLoaderLoadException: "Cannot import resource "D:\project\CarTrade\src\Blogger\GeneralBundle/Controller" from "D:/project/CarTrade/app/config/routing.yml". ([Semantical Error] The annotation "@Route" in method Blogger\GeneralBundle\Controller\DefaultController::indexAction() was never imported. Did you maybe forget to add a "use" statement for this annotation?)" at D:\project\CarTrade\vendor\symfony\symfony\src\Symfony\Component\Config\Loader\FileLoader.php line 100 {"exception":"[object] (Symfony\\Component\\Config\\Exception\\FileLoaderLoadException: Cannot import resource \"D:\\project\\CarTrade\\src\\Blogger\\GeneralBundle/Controller\" from \"D:/project/CarTrade/app/config/routing.yml\". ([Semantical Error] The annotation \"@Route\" in method Blogger\\GeneralBundle\\Controller\\DefaultController::indexAction() was never imported. Did you maybe forget to add a \"use\" statement for this annotation?) at D:\\project\\CarTrade\\vendor\\symfony\\symfony\\src\\Symfony\\Component\\Config\\Loader\\FileLoader.php:100, Doctrine\\Common\\Annotations\\AnnotationException: [Semantical Error] The annotation \"@Route\" in method Blogger\\GeneralBundle\\Controller\\DefaultController::indexAction() was never imported. Did you maybe forget to add a \"use\" statement for this annotation? at D:\\project\\CarTrade\\vendor\\doctrine\\common\\lib\\Doctrine\\Common\\Annotations\\AnnotationException.php:52)"} []
[2013-11-30 07:49:35] event.DEBUG: Notified event "kernel.request" to listener "closure". [] []
[2013-11-30 07:49:35] event.DEBUG: Notified event "kernel.request" to listener "Symfony\Bundle\FrameworkBundle\EventListener\SessionListener::onKernelRequest". [] []
[2013-11-30 07:49:35] event.DEBUG: Notified event "kernel.request" to listener "closure". [] []
[2013-11-30 07:49:35] event.DEBUG: Notified event "kernel.request" to listener "Symfony\Component\HttpKernel\EventListener\FragmentListener::onKernelRequest". [] []
[2013-11-30 07:49:35] event.DEBUG: Notified event "kernel.request" to listener "closure". [] []
[2013-11-30 07:49:35] event.DEBUG: Notified event "kernel.request" to listener "Symfony\Component\HttpKernel\EventListener\RouterListener::onKernelRequest". [] []
[2013-11-30 07:49:35] event.DEBUG: Notified event "kernel.request" to listener "closure". [] []
[2013-11-30 07:49:35] event.DEBUG: Notified event "kernel.request" to listener "Symfony\Component\HttpKernel\EventListener\LocaleListener::onKernelRequest". [] []
[2013-11-30 07:49:35] event.DEBUG: Notified event "kernel.request" to listener "closure". [] []
[2013-11-30 07:49:35] event.DEBUG: Notified event "kernel.request" to listener "Symfony\Component\Security\Http\Firewall::onKernelRequest". [] []
[2013-11-30 07:49:35] event.DEBUG: Notified event "kernel.request" to listener "closure". [] []
[2013-11-30 07:49:35] event.DEBUG: Notified event "kernel.request" to listener "Symfony\Component\HttpKernel\EventListener\ErrorsLoggerListener::injectLogger". [] []
[2013-11-30 07:49:35] event.DEBUG: Notified event "kernel.request" to listener "closure". [] []
[2013-11-30 07:49:35] event.DEBUG: Notified event "kernel.request" to listener "Symfony\Component\HttpKernel\EventListener\ErrorsLoggerListener::injectLogger". [] []
[2013-11-30 07:49:35] event.DEBUG: Notified event "kernel.controller" to listener "Sensio\Bundle\FrameworkExtraBundle\EventListener\ControllerListener::onKernelController". [] []
[2013-11-30 07:49:35] event.DEBUG: Notified event "kernel.controller" to listener "Sensio\Bundle\FrameworkExtraBundle\EventListener\ParamConverterListener::onKernelController". [] []
[2013-11-30 07:49:35] event.DEBUG: Notified event "kernel.controller" to listener "Sensio\Bundle\FrameworkExtraBundle\EventListener\TemplateListener::onKernelController". [] []
[2013-11-30 07:49:35] event.DEBUG: Notified event "kernel.response" to listener "Symfony\Component\HttpKernel\EventListener\ResponseListener::onKernelResponse". [] []
[2013-11-30 07:49:35] event.DEBUG: Notified event "kernel.response" to listener "Symfony\Component\Security\Http\RememberMe\ResponseListener::onKernelResponse". [] []
[2013-11-30 07:49:35] event.DEBUG: Notified event "kernel.response" to listener "Sensio\Bundle\FrameworkExtraBundle\EventListener\CacheListener::onKernelResponse". [] []
[2013-11-30 07:49:35] event.DEBUG: Notified event "kernel.response" to listener "Symfony\Component\HttpKernel\EventListener\StreamedResponseListener::onKernelResponse". [] []
[2013-11-30 07:49:35] event.DEBUG: Listener "Symfony\Component\HttpKernel\EventListener\ExceptionListener::onKernelException" stopped propagation of the event "kernel.exception". [] []
[2013-11-30 07:49:35] event.DEBUG: Notified event "kernel.response" to listener "Symfony\Component\HttpKernel\EventListener\ResponseListener::onKernelResponse". [] []
[2013-11-30 07:49:35] event.DEBUG: Notified event "kernel.response" to listener "Symfony\Component\Security\Http\RememberMe\ResponseListener::onKernelResponse". [] []
[2013-11-30 07:49:35] event.DEBUG: Notified event "kernel.response" to listener "Sensio\Bundle\FrameworkExtraBundle\EventListener\CacheListener::onKernelResponse". [] []
[2013-11-30 07:49:35] event.DEBUG: Notified event "kernel.response" to listener "Symfony\Component\HttpKernel\EventListener\StreamedResponseListener::onKernelResponse". [] []
[2013-11-30 07:49:35] event.DEBUG: Notified event "kernel.terminate" to listener "Symfony\Bundle\SwiftmailerBundle\EventListener\EmailSenderListener::onKernelTerminate". [] []
[2013-11-30 08:10:19] event.DEBUG: Notified event "kernel.request" to listener "Symfony\Bundle\FrameworkBundle\EventListener\SessionListener::onKernelRequest". [] []
[2013-11-30 08:10:19] event.DEBUG: Notified event "kernel.request" to listener "Symfony\Component\HttpKernel\EventListener\FragmentListener::onKernelRequest". [] []
[2013-11-30 08:10:19] event.DEBUG: Notified event "kernel.request" to listener "Symfony\Component\HttpKernel\EventListener\RouterListener::onKernelRequest". [] []
[2013-11-30 08:10:19] event.DEBUG: Notified event "kernel.exception" to listener "Symfony\Component\HttpKernel\EventListener\ExceptionListener::onKernelException". [] []
[2013-11-30 08:10:19] request.ERROR: Uncaught PHP Exception Symfony\Component\HttpKernel\Exception\NotFoundHttpException: "No route found for "GET /contact"" at D:\project\CarTrade\app\cache\prod\classes.php line 1880 {"exception":"[object] (Symfony\\Component\\HttpKernel\\Exception\\NotFoundHttpException: No route found for \"GET /contact\" at D:\\project\\CarTrade\\app\\cache\\prod\\classes.php:1880, Symfony\\Component\\Routing\\Exception\\ResourceNotFoundException:  at D:\\project\\CarTrade\\app\\cache\\prod\\appProdUrlMatcher.php:54)"} []
[2013-11-30 08:10:19] event.DEBUG: Notified event "kernel.request" to listener "closure". [] []
[2013-11-30 08:10:19] event.DEBUG: Notified event "kernel.request" to listener "Symfony\Bundle\FrameworkBundle\EventListener\SessionListener::onKernelRequest". [] []
[2013-11-30 08:10:19] event.DEBUG: Notified event "kernel.request" to listener "closure". [] []
[2013-11-30 08:10:19] event.DEBUG: Notified event "kernel.request" to listener "Symfony\Component\HttpKernel\EventListener\FragmentListener::onKernelRequest". [] []
[2013-11-30 08:10:19] event.DEBUG: Notified event "kernel.request" to listener "closure". [] []
[2013-11-30 08:10:19] event.DEBUG: Notified event "kernel.request" to listener "Symfony\Component\HttpKernel\EventListener\RouterListener::onKernelRequest". [] []
[2013-11-30 08:10:19] event.DEBUG: Notified event "kernel.request" to listener "closure". [] []
[2013-11-30 08:10:19] event.DEBUG: Notified event "kernel.request" to listener "Symfony\Component\HttpKernel\EventListener\LocaleListener::onKernelRequest". [] []
[2013-11-30 08:10:19] event.DEBUG: Notified event "kernel.request" to listener "closure". [] []
[2013-11-30 08:10:19] event.DEBUG: Notified event "kernel.request" to listener "Symfony\Component\Security\Http\Firewall::onKernelRequest". [] []
[2013-11-30 08:10:19] event.DEBUG: Notified event "kernel.request" to listener "closure". [] []
[2013-11-30 08:10:19] event.DEBUG: Notified event "kernel.request" to listener "Symfony\Component\HttpKernel\EventListener\ErrorsLoggerListener::injectLogger". [] []
[2013-11-30 08:10:19] event.DEBUG: Notified event "kernel.request" to listener "closure". [] []
[2013-11-30 08:10:19] event.DEBUG: Notified event "kernel.request" to listener "Symfony\Component\HttpKernel\EventListener\ErrorsLoggerListener::injectLogger". [] []
[2013-11-30 08:10:19] event.DEBUG: Notified event "kernel.controller" to listener "Sensio\Bundle\FrameworkExtraBundle\EventListener\ControllerListener::onKernelController". [] []
[2013-11-30 08:10:19] event.DEBUG: Notified event "kernel.controller" to listener "Sensio\Bundle\FrameworkExtraBundle\EventListener\ParamConverterListener::onKernelController". [] []
[2013-11-30 08:10:19] event.DEBUG: Notified event "kernel.controller" to listener "Sensio\Bundle\FrameworkExtraBundle\EventListener\TemplateListener::onKernelController". [] []
[2013-11-30 08:10:20] event.DEBUG: Notified event "kernel.response" to listener "Symfony\Component\HttpKernel\EventListener\ResponseListener::onKernelResponse". [] []
[2013-11-30 08:10:20] event.DEBUG: Notified event "kernel.response" to listener "Symfony\Component\Security\Http\RememberMe\ResponseListener::onKernelResponse". [] []
[2013-11-30 08:10:20] event.DEBUG: Notified event "kernel.response" to listener "Sensio\Bundle\FrameworkExtraBundle\EventListener\CacheListener::onKernelResponse". [] []
[2013-11-30 08:10:20] event.DEBUG: Notified event "kernel.response" to listener "Symfony\Component\HttpKernel\EventListener\StreamedResponseListener::onKernelResponse". [] []
[2013-11-30 08:10:20] event.DEBUG: Listener "Symfony\Component\HttpKernel\EventListener\ExceptionListener::onKernelException" stopped propagation of the event "kernel.exception". [] []
[2013-11-30 08:10:20] event.DEBUG: Notified event "kernel.response" to listener "Symfony\Component\HttpKernel\EventListener\ResponseListener::onKernelResponse". [] []
[2013-11-30 08:10:20] event.DEBUG: Notified event "kernel.response" to listener "Symfony\Component\Security\Http\RememberMe\ResponseListener::onKernelResponse". [] []
[2013-11-30 08:10:20] event.DEBUG: Notified event "kernel.response" to listener "Sensio\Bundle\FrameworkExtraBundle\EventListener\CacheListener::onKernelResponse". [] []
[2013-11-30 08:10:20] event.DEBUG: Notified event "kernel.response" to listener "Symfony\Component\HttpKernel\EventListener\StreamedResponseListener::onKernelResponse". [] []
[2013-11-30 08:10:20] event.DEBUG: Notified event "kernel.terminate" to listener "Symfony\Bundle\SwiftmailerBundle\EventListener\EmailSenderListener::onKernelTerminate". [] []
[2013-11-30 08:10:24] event.DEBUG: Notified event "kernel.request" to listener "Symfony\Bundle\FrameworkBundle\EventListener\SessionListener::onKernelRequest". [] []
[2013-11-30 08:10:24] event.DEBUG: Notified event "kernel.request" to listener "Symfony\Component\HttpKernel\EventListener\FragmentListener::onKernelRequest". [] []
[2013-11-30 08:10:24] event.DEBUG: Notified event "kernel.request" to listener "Symfony\Component\HttpKernel\EventListener\RouterListener::onKernelRequest". [] []
[2013-11-30 08:10:24] event.DEBUG: Notified event "kernel.exception" to listener "Symfony\Component\HttpKernel\EventListener\ExceptionListener::onKernelException". [] []
[2013-11-30 08:10:24] request.ERROR: Uncaught PHP Exception Symfony\Component\HttpKernel\Exception\NotFoundHttpException: "No route found for "GET /contact"" at D:\project\CarTrade\app\cache\prod\classes.php line 1880 {"exception":"[object] (Symfony\\Component\\HttpKernel\\Exception\\NotFoundHttpException: No route found for \"GET /contact\" at D:\\project\\CarTrade\\app\\cache\\prod\\classes.php:1880, Symfony\\Component\\Routing\\Exception\\ResourceNotFoundException:  at D:\\project\\CarTrade\\app\\cache\\prod\\appProdUrlMatcher.php:54)"} []
[2013-11-30 08:10:24] event.DEBUG: Notified event "kernel.request" to listener "closure". [] []
[2013-11-30 08:10:24] event.DEBUG: Notified event "kernel.request" to listener "Symfony\Bundle\FrameworkBundle\EventListener\SessionListener::onKernelRequest". [] []
[2013-11-30 08:10:24] event.DEBUG: Notified event "kernel.request" to listener "closure". [] []
[2013-11-30 08:10:24] event.DEBUG: Notified event "kernel.request" to listener "Symfony\Component\HttpKernel\EventListener\FragmentListener::onKernelRequest". [] []
[2013-11-30 08:10:24] event.DEBUG: Notified event "kernel.request" to listener "closure". [] []
[2013-11-30 08:10:24] event.DEBUG: Notified event "kernel.request" to listener "Symfony\Component\HttpKernel\EventListener\RouterListener::onKernelRequest". [] []
[2013-11-30 08:10:24] event.DEBUG: Notified event "kernel.request" to listener "closure". [] []
[2013-11-30 08:10:24] event.DEBUG: Notified event "kernel.request" to listener "Symfony\Component\HttpKernel\EventListener\LocaleListener::onKernelRequest". [] []
[2013-11-30 08:10:24] event.DEBUG: Notified event "kernel.request" to listener "closure". [] []
[2013-11-30 08:10:24] event.DEBUG: Notified event "kernel.request" to listener "Symfony\Component\Security\Http\Firewall::onKernelRequest". [] []
[2013-11-30 08:10:24] event.DEBUG: Notified event "kernel.request" to listener "closure". [] []
[2013-11-30 08:10:24] event.DEBUG: Notified event "kernel.request" to listener "Symfony\Component\HttpKernel\EventListener\ErrorsLoggerListener::injectLogger". [] []
[2013-11-30 08:10:24] event.DEBUG: Notified event "kernel.request" to listener "closure". [] []
[2013-11-30 08:10:24] event.DEBUG: Notified event "kernel.request" to listener "Symfony\Component\HttpKernel\EventListener\ErrorsLoggerListener::injectLogger". [] []
[2013-11-30 08:10:24] event.DEBUG: Notified event "kernel.controller" to listener "Sensio\Bundle\FrameworkExtraBundle\EventListener\ControllerListener::onKernelController". [] []
[2013-11-30 08:10:24] event.DEBUG: Notified event "kernel.controller" to listener "Sensio\Bundle\FrameworkExtraBundle\EventListener\ParamConverterListener::onKernelController". [] []
[2013-11-30 08:10:24] event.DEBUG: Notified event "kernel.controller" to listener "Sensio\Bundle\FrameworkExtraBundle\EventListener\TemplateListener::onKernelController". [] []
[2013-11-30 08:10:25] event.DEBUG: Notified event "kernel.response" to listener "Symfony\Component\HttpKernel\EventListener\ResponseListener::onKernelResponse". [] []
[2013-11-30 08:10:25] event.DEBUG: Notified event "kernel.response" to listener "Symfony\Component\Security\Http\RememberMe\ResponseListener::onKernelResponse". [] []
[2013-11-30 08:10:25] event.DEBUG: Notified event "kernel.response" to listener "Sensio\Bundle\FrameworkExtraBundle\EventListener\CacheListener::onKernelResponse". [] []
[2013-11-30 08:10:25] event.DEBUG: Notified event "kernel.response" to listener "Symfony\Component\HttpKernel\EventListener\StreamedResponseListener::onKernelResponse". [] []
[2013-11-30 08:10:25] event.DEBUG: Listener "Symfony\Component\HttpKernel\EventListener\ExceptionListener::onKernelException" stopped propagation of the event "kernel.exception". [] []
[2013-11-30 08:10:25] event.DEBUG: Notified event "kernel.response" to listener "Symfony\Component\HttpKernel\EventListener\ResponseListener::onKernelResponse". [] []
[2013-11-30 08:10:25] event.DEBUG: Notified event "kernel.response" to listener "Symfony\Component\Security\Http\RememberMe\ResponseListener::onKernelResponse". [] []
[2013-11-30 08:10:25] event.DEBUG: Notified event "kernel.response" to listener "Sensio\Bundle\FrameworkExtraBundle\EventListener\CacheListener::onKernelResponse". [] []
[2013-11-30 08:10:25] event.DEBUG: Notified event "kernel.response" to listener "Symfony\Component\HttpKernel\EventListener\StreamedResponseListener::onKernelResponse". [] []
[2013-11-30 08:10:25] event.DEBUG: Notified event "kernel.terminate" to listener "Symfony\Bundle\SwiftmailerBundle\EventListener\EmailSenderListener::onKernelTerminate". [] []
[2013-11-30 08:10:47] event.DEBUG: Notified event "kernel.request" to listener "Symfony\Bundle\FrameworkBundle\EventListener\SessionListener::onKernelRequest". [] []
[2013-11-30 08:10:47] event.DEBUG: Notified event "kernel.request" to listener "Symfony\Component\HttpKernel\EventListener\FragmentListener::onKernelRequest". [] []
[2013-11-30 08:10:47] event.DEBUG: Notified event "kernel.request" to listener "Symfony\Component\HttpKernel\EventListener\RouterListener::onKernelRequest". [] []
[2013-11-30 08:10:48] event.DEBUG: Notified event "kernel.exception" to listener "Symfony\Component\HttpKernel\EventListener\ExceptionListener::onKernelException". [] []
[2013-11-30 08:10:48] request.ERROR: Uncaught PHP Exception Symfony\Component\HttpKernel\Exception\NotFoundHttpException: "No route found for "GET /contact"" at D:\project\CarTrade\app\cache\prod\classes.php line 1880 {"exception":"[object] (Symfony\\Component\\HttpKernel\\Exception\\NotFoundHttpException: No route found for \"GET /contact\" at D:\\project\\CarTrade\\app\\cache\\prod\\classes.php:1880, Symfony\\Component\\Routing\\Exception\\ResourceNotFoundException:  at D:\\project\\CarTrade\\app\\cache\\prod\\appProdUrlMatcher.php:54)"} []
[2013-11-30 08:10:48] event.DEBUG: Notified event "kernel.request" to listener "closure". [] []
[2013-11-30 08:10:48] event.DEBUG: Notified event "kernel.request" to listener "Symfony\Bundle\FrameworkBundle\EventListener\SessionListener::onKernelRequest". [] []
[2013-11-30 08:10:48] event.DEBUG: Notified event "kernel.request" to listener "closure". [] []
[2013-11-30 08:10:48] event.DEBUG: Notified event "kernel.request" to listener "Symfony\Component\HttpKernel\EventListener\FragmentListener::onKernelRequest". [] []
[2013-11-30 08:10:48] event.DEBUG: Notified event "kernel.request" to listener "closure". [] []
[2013-11-30 08:10:48] event.DEBUG: Notified event "kernel.request" to listener "Symfony\Component\HttpKernel\EventListener\RouterListener::onKernelRequest". [] []
[2013-11-30 08:10:48] event.DEBUG: Notified event "kernel.request" to listener "closure". [] []
[2013-11-30 08:10:48] event.DEBUG: Notified event "kernel.request" to listener "Symfony\Component\HttpKernel\EventListener\LocaleListener::onKernelRequest". [] []
[2013-11-30 08:10:48] event.DEBUG: Notified event "kernel.request" to listener "closure". [] []
[2013-11-30 08:10:48] event.DEBUG: Notified event "kernel.request" to listener "Symfony\Component\Security\Http\Firewall::onKernelRequest". [] []
[2013-11-30 08:10:48] event.DEBUG: Notified event "kernel.request" to listener "closure". [] []
[2013-11-30 08:10:48] event.DEBUG: Notified event "kernel.request" to listener "Symfony\Component\HttpKernel\EventListener\ErrorsLoggerListener::injectLogger". [] []
[2013-11-30 08:10:48] event.DEBUG: Notified event "kernel.request" to listener "closure". [] []
[2013-11-30 08:10:48] event.DEBUG: Notified event "kernel.request" to listener "Symfony\Component\HttpKernel\EventListener\ErrorsLoggerListener::injectLogger". [] []
[2013-11-30 08:10:48] event.DEBUG: Notified event "kernel.controller" to listener "Sensio\Bundle\FrameworkExtraBundle\EventListener\ControllerListener::onKernelController". [] []
[2013-11-30 08:10:48] event.DEBUG: Notified event "kernel.controller" to listener "Sensio\Bundle\FrameworkExtraBundle\EventListener\ParamConverterListener::onKernelController". [] []
[2013-11-30 08:10:48] event.DEBUG: Notified event "kernel.controller" to listener "Sensio\Bundle\FrameworkExtraBundle\EventListener\TemplateListener::onKernelController". [] []
[2013-11-30 08:10:48] event.DEBUG: Notified event "kernel.response" to listener "Symfony\Component\HttpKernel\EventListener\ResponseListener::onKernelResponse". [] []
[2013-11-30 08:10:48] event.DEBUG: Notified event "kernel.response" to listener "Symfony\Component\Security\Http\RememberMe\ResponseListener::onKernelResponse". [] []
[2013-11-30 08:10:48] event.DEBUG: Notified event "kernel.response" to listener "Sensio\Bundle\FrameworkExtraBundle\EventListener\CacheListener::onKernelResponse". [] []
[2013-11-30 08:10:48] event.DEBUG: Notified event "kernel.response" to listener "Symfony\Component\HttpKernel\EventListener\StreamedResponseListener::onKernelResponse". [] []
[2013-11-30 08:10:48] event.DEBUG: Listener "Symfony\Component\HttpKernel\EventListener\ExceptionListener::onKernelException" stopped propagation of the event "kernel.exception". [] []
[2013-11-30 08:10:48] event.DEBUG: Notified event "kernel.response" to listener "Symfony\Component\HttpKernel\EventListener\ResponseListener::onKernelResponse". [] []
[2013-11-30 08:10:48] event.DEBUG: Notified event "kernel.response" to listener "Symfony\Component\Security\Http\RememberMe\ResponseListener::onKernelResponse". [] []
[2013-11-30 08:10:48] event.DEBUG: Notified event "kernel.response" to listener "Sensio\Bundle\FrameworkExtraBundle\EventListener\CacheListener::onKernelResponse". [] []
[2013-11-30 08:10:48] event.DEBUG: Notified event "kernel.response" to listener "Symfony\Component\HttpKernel\EventListener\StreamedResponseListener::onKernelResponse". [] []
[2013-11-30 08:10:48] event.DEBUG: Notified event "kernel.terminate" to listener "Symfony\Bundle\SwiftmailerBundle\EventListener\EmailSenderListener::onKernelTerminate". [] []
[2013-11-30 08:11:18] event.DEBUG: Notified event "kernel.request" to listener "Symfony\Bundle\FrameworkBundle\EventListener\SessionListener::onKernelRequest". [] []
[2013-11-30 08:11:18] event.DEBUG: Notified event "kernel.request" to listener "Symfony\Component\HttpKernel\EventListener\FragmentListener::onKernelRequest". [] []
[2013-11-30 08:11:18] event.DEBUG: Notified event "kernel.request" to listener "Symfony\Component\HttpKernel\EventListener\RouterListener::onKernelRequest". [] []
[2013-11-30 08:11:18] event.DEBUG: Notified event "kernel.exception" to listener "Symfony\Component\HttpKernel\EventListener\ExceptionListener::onKernelException". [] []
[2013-11-30 08:11:18] request.ERROR: Uncaught PHP Exception Symfony\Component\HttpKernel\Exception\NotFoundHttpException: "No route found for "GET /contact"" at D:\project\CarTrade\app\cache\prod\classes.php line 1880 {"exception":"[object] (Symfony\\Component\\HttpKernel\\Exception\\NotFoundHttpException: No route found for \"GET /contact\" at D:\\project\\CarTrade\\app\\cache\\prod\\classes.php:1880, Symfony\\Component\\Routing\\Exception\\ResourceNotFoundException:  at D:\\project\\CarTrade\\app\\cache\\prod\\appProdUrlMatcher.php:54)"} []
[2013-11-30 08:11:18] event.DEBUG: Notified event "kernel.request" to listener "closure". [] []
[2013-11-30 08:11:18] event.DEBUG: Notified event "kernel.request" to listener "Symfony\Bundle\FrameworkBundle\EventListener\SessionListener::onKernelRequest". [] []
[2013-11-30 08:11:18] event.DEBUG: Notified event "kernel.request" to listener "closure". [] []
[2013-11-30 08:11:18] event.DEBUG: Notified event "kernel.request" to listener "Symfony\Component\HttpKernel\EventListener\FragmentListener::onKernelRequest". [] []
[2013-11-30 08:11:18] event.DEBUG: Notified event "kernel.request" to listener "closure". [] []
[2013-11-30 08:11:18] event.DEBUG: Notified event "kernel.request" to listener "Symfony\Component\HttpKernel\EventListener\RouterListener::onKernelRequest". [] []
[2013-11-30 08:11:18] event.DEBUG: Notified event "kernel.request" to listener "closure". [] []
[2013-11-30 08:11:18] event.DEBUG: Notified event "kernel.request" to listener "Symfony\Component\HttpKernel\EventListener\LocaleListener::onKernelRequest". [] []
[2013-11-30 08:11:18] event.DEBUG: Notified event "kernel.request" to listener "closure". [] []
[2013-11-30 08:11:18] event.DEBUG: Notified event "kernel.request" to listener "Symfony\Component\Security\Http\Firewall::onKernelRequest". [] []
[2013-11-30 08:11:18] event.DEBUG: Notified event "kernel.request" to listener "closure". [] []
[2013-11-30 08:11:18] event.DEBUG: Notified event "kernel.request" to listener "Symfony\Component\HttpKernel\EventListener\ErrorsLoggerListener::injectLogger". [] []
[2013-11-30 08:11:18] event.DEBUG: Notified event "kernel.request" to listener "closure". [] []
[2013-11-30 08:11:18] event.DEBUG: Notified event "kernel.request" to listener "Symfony\Component\HttpKernel\EventListener\ErrorsLoggerListener::injectLogger". [] []
[2013-11-30 08:11:18] event.DEBUG: Notified event "kernel.controller" to listener "Sensio\Bundle\FrameworkExtraBundle\EventListener\ControllerListener::onKernelController". [] []
[2013-11-30 08:11:18] event.DEBUG: Notified event "kernel.controller" to listener "Sensio\Bundle\FrameworkExtraBundle\EventListener\ParamConverterListener::onKernelController". [] []
[2013-11-30 08:11:18] event.DEBUG: Notified event "kernel.controller" to listener "Sensio\Bundle\FrameworkExtraBundle\EventListener\TemplateListener::onKernelController". [] []
[2013-11-30 08:11:18] event.DEBUG: Notified event "kernel.response" to listener "Symfony\Component\HttpKernel\EventListener\ResponseListener::onKernelResponse". [] []
[2013-11-30 08:11:18] event.DEBUG: Notified event "kernel.response" to listener "Symfony\Component\Security\Http\RememberMe\ResponseListener::onKernelResponse". [] []
[2013-11-30 08:11:18] event.DEBUG: Notified event "kernel.response" to listener "Sensio\Bundle\FrameworkExtraBundle\EventListener\CacheListener::onKernelResponse". [] []
[2013-11-30 08:11:18] event.DEBUG: Notified event "kernel.response" to listener "Symfony\Component\HttpKernel\EventListener\StreamedResponseListener::onKernelResponse". [] []
[2013-11-30 08:11:18] event.DEBUG: Listener "Symfony\Component\HttpKernel\EventListener\ExceptionListener::onKernelException" stopped propagation of the event "kernel.exception". [] []
[2013-11-30 08:11:18] event.DEBUG: Notified event "kernel.response" to listener "Symfony\Component\HttpKernel\EventListener\ResponseListener::onKernelResponse". [] []
[2013-11-30 08:11:18] event.DEBUG: Notified event "kernel.response" to listener "Symfony\Component\Security\Http\RememberMe\ResponseListener::onKernelResponse". [] []
[2013-11-30 08:11:18] event.DEBUG: Notified event "kernel.response" to listener "Sensio\Bundle\FrameworkExtraBundle\EventListener\CacheListener::onKernelResponse". [] []
[2013-11-30 08:11:18] event.DEBUG: Notified event "kernel.response" to listener "Symfony\Component\HttpKernel\EventListener\StreamedResponseListener::onKernelResponse". [] []
[2013-11-30 08:11:18] event.DEBUG: Notified event "kernel.terminate" to listener "Symfony\Bundle\SwiftmailerBundle\EventListener\EmailSenderListener::onKernelTerminate". [] []
[2013-11-30 08:11:21] event.DEBUG: Notified event "kernel.request" to listener "Symfony\Bundle\FrameworkBundle\EventListener\SessionListener::onKernelRequest". [] []
[2013-11-30 08:11:21] event.DEBUG: Notified event "kernel.request" to listener "Symfony\Component\HttpKernel\EventListener\FragmentListener::onKernelRequest". [] []
[2013-11-30 08:11:21] event.DEBUG: Notified event "kernel.request" to listener "Symfony\Component\HttpKernel\EventListener\RouterListener::onKernelRequest". [] []
[2013-11-30 08:11:21] event.DEBUG: Notified event "kernel.exception" to listener "Symfony\Component\HttpKernel\EventListener\ExceptionListener::onKernelException". [] []
[2013-11-30 08:11:21] request.ERROR: Uncaught PHP Exception Symfony\Component\HttpKernel\Exception\NotFoundHttpException: "No route found for "GET /contact"" at D:\project\CarTrade\app\cache\prod\classes.php line 1880 {"exception":"[object] (Symfony\\Component\\HttpKernel\\Exception\\NotFoundHttpException: No route found for \"GET /contact\" at D:\\project\\CarTrade\\app\\cache\\prod\\classes.php:1880, Symfony\\Component\\Routing\\Exception\\ResourceNotFoundException:  at D:\\project\\CarTrade\\app\\cache\\prod\\appProdUrlMatcher.php:54)"} []
[2013-11-30 08:11:21] event.DEBUG: Notified event "kernel.request" to listener "closure". [] []
[2013-11-30 08:11:21] event.DEBUG: Notified event "kernel.request" to listener "Symfony\Bundle\FrameworkBundle\EventListener\SessionListener::onKernelRequest". [] []
[2013-11-30 08:11:21] event.DEBUG: Notified event "kernel.request" to listener "closure". [] []
[2013-11-30 08:11:21] event.DEBUG: Notified event "kernel.request" to listener "Symfony\Component\HttpKernel\EventListener\FragmentListener::onKernelRequest". [] []
[2013-11-30 08:11:21] event.DEBUG: Notified event "kernel.request" to listener "closure". [] []
[2013-11-30 08:11:21] event.DEBUG: Notified event "kernel.request" to listener "Symfony\Component\HttpKernel\EventListener\RouterListener::onKernelRequest". [] []
[2013-11-30 08:11:21] event.DEBUG: Notified event "kernel.request" to listener "closure". [] []
[2013-11-30 08:11:21] event.DEBUG: Notified event "kernel.request" to listener "Symfony\Component\HttpKernel\EventListener\LocaleListener::onKernelRequest". [] []
[2013-11-30 08:11:21] event.DEBUG: Notified event "kernel.request" to listener "closure". [] []
[2013-11-30 08:11:21] event.DEBUG: Notified event "kernel.request" to listener "Symfony\Component\Security\Http\Firewall::onKernelRequest". [] []
[2013-11-30 08:11:21] event.DEBUG: Notified event "kernel.request" to listener "closure". [] []
[2013-11-30 08:11:21] event.DEBUG: Notified event "kernel.request" to listener "Symfony\Component\HttpKernel\EventListener\ErrorsLoggerListener::injectLogger". [] []
[2013-11-30 08:11:21] event.DEBUG: Notified event "kernel.request" to listener "closure". [] []
[2013-11-30 08:11:21] event.DEBUG: Notified event "kernel.request" to listener "Symfony\Component\HttpKernel\EventListener\ErrorsLoggerListener::injectLogger". [] []
[2013-11-30 08:11:21] event.DEBUG: Notified event "kernel.controller" to listener "Sensio\Bundle\FrameworkExtraBundle\EventListener\ControllerListener::onKernelController". [] []
[2013-11-30 08:11:21] event.DEBUG: Notified event "kernel.controller" to listener "Sensio\Bundle\FrameworkExtraBundle\EventListener\ParamConverterListener::onKernelController". [] []
[2013-11-30 08:11:21] event.DEBUG: Notified event "kernel.controller" to listener "Sensio\Bundle\FrameworkExtraBundle\EventListener\TemplateListener::onKernelController". [] []
[2013-11-30 08:11:21] event.DEBUG: Notified event "kernel.response" to listener "Symfony\Component\HttpKernel\EventListener\ResponseListener::onKernelResponse". [] []
[2013-11-30 08:11:21] event.DEBUG: Notified event "kernel.response" to listener "Symfony\Component\Security\Http\RememberMe\ResponseListener::onKernelResponse". [] []
[2013-11-30 08:11:21] event.DEBUG: Notified event "kernel.response" to listener "Sensio\Bundle\FrameworkExtraBundle\EventListener\CacheListener::onKernelResponse". [] []
[2013-11-30 08:11:21] event.DEBUG: Notified event "kernel.response" to listener "Symfony\Component\HttpKernel\EventListener\StreamedResponseListener::onKernelResponse". [] []
[2013-11-30 08:11:21] event.DEBUG: Listener "Symfony\Component\HttpKernel\EventListener\ExceptionListener::onKernelException" stopped propagation of the event "kernel.exception". [] []
[2013-11-30 08:11:21] event.DEBUG: Notified event "kernel.response" to listener "Symfony\Component\HttpKernel\EventListener\ResponseListener::onKernelResponse". [] []
[2013-11-30 08:11:21] event.DEBUG: Notified event "kernel.response" to listener "Symfony\Component\Security\Http\RememberMe\ResponseListener::onKernelResponse". [] []
[2013-11-30 08:11:21] event.DEBUG: Notified event "kernel.response" to listener "Sensio\Bundle\FrameworkExtraBundle\EventListener\CacheListener::onKernelResponse". [] []
[2013-11-30 08:11:21] event.DEBUG: Notified event "kernel.response" to listener "Symfony\Component\HttpKernel\EventListener\StreamedResponseListener::onKernelResponse". [] []
[2013-11-30 08:11:21] event.DEBUG: Notified event "kernel.terminate" to listener "Symfony\Bundle\SwiftmailerBundle\EventListener\EmailSenderListener::onKernelTerminate". [] []
